c:\users\псин\source\repos\mydll1\mydll1\x64\release\mydll1.pch
c:\users\псин\source\repos\mydll1\mydll1\x64\release\vc141.pdb
c:\users\псин\source\repos\mydll1\mydll1\x64\release\stdafx.obj
c:\users\псин\source\repos\mydll1\mydll1\x64\release\olayer.obj
c:\users\псин\source\repos\mydll1\mydll1\x64\release\mydll1.obj
c:\users\псин\source\repos\mydll1\mydll1\x64\release\ilayer.obj
c:\users\псин\source\repos\mydll1\mydll1\x64\release\hlayer.obj
c:\users\псин\source\repos\mydll1\mydll1\x64\release\genetic.obj
c:\users\псин\source\repos\mydll1\mydll1\x64\release\functions.obj
c:\users\псин\source\repos\mydll1\mydll1\x64\release\fullnn.obj
c:\users\псин\source\repos\mydll1\mydll1\x64\release\fnn.obj
c:\users\псин\source\repos\mydll1\mydll1\x64\release\flayer.obj
c:\users\псин\source\repos\mydll1\mydll1\x64\release\dllmain.obj
c:\users\псин\source\repos\mydll1\mydll1\x64\release\blayer.obj
c:\users\псин\source\repos\consoleapplication7\x64\release\mydll1.dll
c:\users\псин\source\repos\consoleapplication7\x64\release\mydll1.pdb
c:\users\псин\source\repos\consoleapplication7\x64\release\mydll1.lib
c:\users\псин\source\repos\consoleapplication7\x64\release\mydll1.exp
c:\users\псин\source\repos\consoleapplication7\x64\release\mydll1.ipdb
c:\users\псин\source\repos\consoleapplication7\x64\release\mydll1.iobj
c:\users\псин\source\repos\mydll1\mydll1\x64\release\mydll1.tlog\cl.command.1.tlog
c:\users\псин\source\repos\mydll1\mydll1\x64\release\mydll1.tlog\cl.read.1.tlog
c:\users\псин\source\repos\mydll1\mydll1\x64\release\mydll1.tlog\cl.write.1.tlog
c:\users\псин\source\repos\mydll1\mydll1\x64\release\mydll1.tlog\link.command.1.tlog
c:\users\псин\source\repos\mydll1\mydll1\x64\release\mydll1.tlog\link.read.1.tlog
c:\users\псин\source\repos\mydll1\mydll1\x64\release\mydll1.tlog\link.write.1.tlog
c:\users\псин\source\repos\mydll1\mydll1\x64\release\mydll1.tlog\mydll1.write.1u.tlog
