C:\Program Files (x86)\Microsoft Visual Studio\2017\Community\Common7\IDE\VC\VCTargets\Microsoft.CppBuild.targets(377,5): warning MSB8004: Output Directory does not end with a trailing slash.  This build instance will add the slash as it is required to allow proper evaluation of the Output Directory.
  stdafx.cpp
  bLayer.cpp
  dllmain.cpp
  fLayer.cpp
  FNN.cpp
c:\users\псин\source\repos\mydll1\mydll1\fnn.cpp(260): warning C4267: 'initializing': conversion from 'size_t' to 'int', possible loss of data
c:\users\псин\source\repos\mydll1\mydll1\fnn.cpp(261): warning C4267: 'initializing': conversion from 'size_t' to 'int', possible loss of data
c:\users\псин\source\repos\mydll1\mydll1\fnn.cpp(308): warning C4267: 'initializing': conversion from 'size_t' to 'int', possible loss of data
c:\users\псин\source\repos\mydll1\mydll1\fnn.cpp(329): warning C4267: 'initializing': conversion from 'size_t' to 'int', possible loss of data
  FullNN.cpp
  functions.cpp
c:\users\псин\source\repos\mydll1\mydll1\functions.cpp(13): warning C4244: 'initializing': conversion from 'double' to 'int', possible loss of data
c:\users\псин\source\repos\mydll1\mydll1\functions.cpp(55): warning C4267: 'initializing': conversion from 'size_t' to 'int', possible loss of data
c:\users\псин\source\repos\mydll1\mydll1\functions.cpp(56): warning C4267: 'initializing': conversion from 'size_t' to 'int', possible loss of data
c:\users\псин\source\repos\mydll1\mydll1\functions.cpp(71): warning C4267: 'initializing': conversion from 'size_t' to 'int', possible loss of data
c:\users\псин\source\repos\mydll1\mydll1\functions.cpp(72): warning C4267: 'initializing': conversion from 'size_t' to 'int', possible loss of data
c:\users\псин\source\repos\mydll1\mydll1\functions.cpp(111): warning C4267: 'initializing': conversion from 'size_t' to 'int', possible loss of data
c:\users\псин\source\repos\mydll1\mydll1\functions.cpp(112): warning C4267: 'initializing': conversion from 'size_t' to 'int', possible loss of data
c:\users\псин\source\repos\mydll1\mydll1\functions.cpp(128): warning C4267: 'initializing': conversion from 'size_t' to 'int', possible loss of data
c:\users\псин\source\repos\mydll1\mydll1\functions.cpp(129): warning C4267: 'initializing': conversion from 'size_t' to 'int', possible loss of data
c:\users\псин\source\repos\mydll1\mydll1\functions.cpp(152): warning C4267: 'initializing': conversion from 'size_t' to 'int', possible loss of data
c:\users\псин\source\repos\mydll1\mydll1\functions.cpp(153): warning C4267: 'initializing': conversion from 'size_t' to 'int', possible loss of data
c:\users\псин\source\repos\mydll1\mydll1\functions.cpp(192): warning C4244: '=': conversion from '__int64' to 'int', possible loss of data
c:\users\псин\source\repos\mydll1\mydll1\functions.cpp(289): warning C4267: 'initializing': conversion from 'size_t' to 'int', possible loss of data
c:\users\псин\source\repos\mydll1\mydll1\functions.cpp(290): warning C4267: 'initializing': conversion from 'size_t' to 'int', possible loss of data
  Genetic.cpp
