c:\users\псин\source\repos\mydll1\mydll1\x64\debug\mydll1.pch
c:\users\псин\source\repos\mydll1\mydll1\x64\debug\vc141.pdb
c:\users\псин\source\repos\mydll1\mydll1\x64\debug\vc141.idb
c:\users\псин\source\repos\mydll1\mydll1\x64\debug\stdafx.obj
c:\users\псин\source\repos\mydll1\mydll1\x64\debug\olayer.obj
c:\users\псин\source\repos\mydll1\mydll1\x64\debug\mydll1.obj
c:\users\псин\source\repos\mydll1\mydll1\x64\debug\ilayer.obj
c:\users\псин\source\repos\mydll1\mydll1\x64\debug\hlayer.obj
c:\users\псин\source\repos\mydll1\mydll1\x64\debug\genetic.obj
c:\users\псин\source\repos\mydll1\mydll1\x64\debug\functions.obj
c:\users\псин\source\repos\mydll1\mydll1\x64\debug\fullnn.obj
c:\users\псин\source\repos\mydll1\mydll1\x64\debug\fnn.obj
c:\users\псин\source\repos\mydll1\mydll1\x64\debug\flayer.obj
c:\users\псин\source\repos\mydll1\mydll1\x64\debug\dllmain.obj
c:\users\псин\source\repos\mydll1\mydll1\x64\debug\blayer.obj
c:\users\псин\source\repos\consoleapplication7\x64\debug\mydll1.ilk
c:\users\псин\source\repos\consoleapplication7\x64\debug\mydll1.dll
c:\users\псин\source\repos\consoleapplication7\x64\debug\mydll1.pdb
c:\users\псин\source\repos\consoleapplication7\x64\debug\mydll1.lib
c:\users\псин\source\repos\consoleapplication7\x64\debug\mydll1.exp
c:\users\псин\source\repos\mydll1\mydll1\x64\debug\mydll1.tlog\cl.command.1.tlog
c:\users\псин\source\repos\mydll1\mydll1\x64\debug\mydll1.tlog\cl.read.1.tlog
c:\users\псин\source\repos\mydll1\mydll1\x64\debug\mydll1.tlog\cl.write.1.tlog
c:\users\псин\source\repos\mydll1\mydll1\x64\debug\mydll1.tlog\link.command.1.tlog
c:\users\псин\source\repos\mydll1\mydll1\x64\debug\mydll1.tlog\link.read.1.tlog
c:\users\псин\source\repos\mydll1\mydll1\x64\debug\mydll1.tlog\link.write.1.tlog
c:\users\псин\source\repos\mydll1\mydll1\x64\debug\mydll1.tlog\mydll1.write.1u.tlog
