e:\c++\projects\fullnn\fullnn\x64\debug\fullnn.pch
e:\c++\projects\fullnn\fullnn\x64\debug\vc141.pdb
e:\c++\projects\fullnn\fullnn\x64\debug\vc141.idb
e:\c++\projects\fullnn\fullnn\x64\debug\pch.obj
e:\c++\projects\fullnn\fullnn\x64\debug\olayer.obj
e:\c++\projects\fullnn\fullnn\x64\debug\ilayer.obj
e:\c++\projects\fullnn\fullnn\x64\debug\hlayer.obj
e:\c++\projects\fullnn\fullnn\x64\debug\functions.obj
e:\c++\projects\fullnn\fullnn\x64\debug\fnn.obj
e:\c++\projects\fullnn\fullnn\x64\debug\flayer.obj
e:\c++\projects\fullnn\fullnn\x64\debug\blayer.obj
e:\c++\projects\fullnn\fullnn\x64\debug\fullnn.obj
e:\c++\projects\fullnn\x64\debug\fullnn.pdb
e:\c++\projects\fullnn\fullnn\x64\debug\fullnn.tlog\cl.command.1.tlog
e:\c++\projects\fullnn\fullnn\x64\debug\fullnn.tlog\cl.read.1.tlog
e:\c++\projects\fullnn\fullnn\x64\debug\fullnn.tlog\cl.write.1.tlog
e:\c++\projects\fullnn\fullnn\x64\debug\fullnn.tlog\link-cvtres.read.1.tlog
e:\c++\projects\fullnn\fullnn\x64\debug\fullnn.tlog\link-cvtres.write.1.tlog
e:\c++\projects\fullnn\fullnn\x64\debug\fullnn.tlog\link-rc.read.1.tlog
e:\c++\projects\fullnn\fullnn\x64\debug\fullnn.tlog\link-rc.write.1.tlog
e:\c++\projects\fullnn\fullnn\x64\debug\fullnn.tlog\link.command.1.tlog
e:\c++\projects\fullnn\fullnn\x64\debug\fullnn.tlog\link.read.1.tlog
e:\c++\projects\fullnn\fullnn\x64\debug\fullnn.tlog\link.write.1.tlog
