C:\Program Files (x86)\Microsoft Visual Studio\2017\Community\Common7\IDE\VC\VCTargets\Microsoft.CppBuild.targets(377,5): warning MSB8004: Output Directory does not end with a trailing slash.  This build instance will add the slash as it is required to allow proper evaluation of the Output Directory.
  stdafx.cpp
  bLayer.cpp
  dllmain.cpp
  fLayer.cpp
  FNN.cpp
c:\users\псин\source\repos\mydll1\mydll1\fnn.cpp(260): warning C4267: 'initializing': conversion from 'size_t' to 'int', possible loss of data
c:\users\псин\source\repos\mydll1\mydll1\fnn.cpp(261): warning C4267: 'initializing': conversion from 'size_t' to 'int', possible loss of data
c:\users\псин\source\repos\mydll1\mydll1\fnn.cpp(312): warning C4267: 'initializing': conversion from 'size_t' to 'int', possible loss of data
c:\users\псин\source\repos\mydll1\mydll1\fnn.cpp(333): warning C4267: 'initializing': conversion from 'size_t' to 'int', possible loss of data
  FullNN.cpp
  functions.cpp
c:\users\псин\source\repos\mydll1\mydll1\functions.cpp(56): warning C4267: 'initializing': conversion from 'size_t' to 'int', possible loss of data
c:\users\псин\source\repos\mydll1\mydll1\functions.cpp(57): warning C4267: 'initializing': conversion from 'size_t' to 'int', possible loss of data
c:\users\псин\source\repos\mydll1\mydll1\functions.cpp(72): warning C4267: 'initializing': conversion from 'size_t' to 'int', possible loss of data
c:\users\псин\source\repos\mydll1\mydll1\functions.cpp(73): warning C4267: 'initializing': conversion from 'size_t' to 'int', possible loss of data
c:\users\псин\source\repos\mydll1\mydll1\functions.cpp(112): warning C4267: 'initializing': conversion from 'size_t' to 'int', possible loss of data
c:\users\псин\source\repos\mydll1\mydll1\functions.cpp(113): warning C4267: 'initializing': conversion from 'size_t' to 'int', possible loss of data
c:\users\псин\source\repos\mydll1\mydll1\functions.cpp(129): warning C4267: 'initializing': conversion from 'size_t' to 'int', possible loss of data
c:\users\псин\source\repos\mydll1\mydll1\functions.cpp(130): warning C4267: 'initializing': conversion from 'size_t' to 'int', possible loss of data
c:\users\псин\source\repos\mydll1\mydll1\functions.cpp(153): warning C4267: 'initializing': conversion from 'size_t' to 'int', possible loss of data
c:\users\псин\source\repos\mydll1\mydll1\functions.cpp(154): warning C4267: 'initializing': conversion from 'size_t' to 'int', possible loss of data
c:\users\псин\source\repos\mydll1\mydll1\functions.cpp(193): warning C4244: '=': conversion from '__int64' to 'int', possible loss of data
c:\users\псин\source\repos\mydll1\mydll1\functions.cpp(290): warning C4267: 'initializing': conversion from 'size_t' to 'int', possible loss of data
c:\users\псин\source\repos\mydll1\mydll1\functions.cpp(291): warning C4267: 'initializing': conversion from 'size_t' to 'int', possible loss of data
  Genetic.cpp
c:\users\псин\source\repos\mydll1\mydll1\genetic.cpp(39): warning C4930: 'FNN fnn(void)': prototyped function not called (was a variable definition intended?)
  hLayer.cpp
c:\users\псин\source\repos\mydll1\mydll1\hlayer.cpp(33): warning C4930: 'std::thread th(void)': prototyped function not called (was a variable definition intended?)
  iLayer.cpp
  MyDll1.cpp
c:\users\псин\source\repos\mydll1\mydll1\mydll1.cpp(154): warning C4267: 'initializing': conversion from 'size_t' to 'int', possible loss of data
  oLayer.cpp
  Generating Code...
     Creating library C:\Users\Псин\source\repos\ConsoleApplication7\x64\Debug\MyDll1.lib and object C:\Users\Псин\source\repos\ConsoleApplication7\x64\Debug\MyDll1.exp
  MyDll1.vcxproj -> C:\Users\Псин\source\repos\ConsoleApplication7\x64\Debug\MyDll1.dll
